<?xml version="1.0" encoding="UTF-8"?>
<!-- Generated by org.testng.reporters.JUnitXMLReporter -->
<testsuite ignored="1" hostname="DESKTOP-LKT9H3I" failures="1" tests="1" name="Test" time="16.628" errors="0" timestamp="2023-07-30T21:12:30 IST">
  <testcase classname="vtiger.Practice.CreateContactWithOrganizationTest" name="CreateContactWithOrgTest" time="5.933">
    <failure type="java.lang.AssertionError" message="null">
      <![CDATA[java.lang.AssertionError: null
at vtiger.Practice.CreateContactWithOrganizationTest.CreateContactWithOrgTest(CreateContactWithOrganizationTest.java:73)
at java.base/java.util.ArrayList.forEach(ArrayList.java:1511)
... Removed 29 stack frames]]>
    </failure>
  </testcase> <!-- CreateContactWithOrgTest -->
  <testcase classname="vtiger.Practice.CreateContactWithOrganizationTest" name="creat" time="0.0">
    <ignored/>
  </testcase> <!-- creat -->
</testsuite> <!-- Test -->
