<?xml version="1.0" encoding="UTF-8"?>
<!-- Generated by org.testng.reporters.JUnitXMLReporter -->
<testsuite ignored="1" hostname="DESKTOP-LKT9H3I" failures="0" tests="1" name="Test" time="54.532" errors="0" timestamp="2023-08-02T22:31:18 IST">
  <testcase classname="vtiger.Practice.CreateContactWithOrganizationTest" name="CreateContactWithOrgTest" time="33.751"/>
  <testcase classname="vtiger.Practice.CreateContactWithOrganizationTest" name="creat" time="0.0">
    <ignored/>
  </testcase> <!-- creat -->
</testsuite> <!-- Test -->
