<?xml version="1.0" encoding="UTF-8"?>
<testng-results ignored="0" total="1" passed="1" failed="0" skipped="0">
  <reporter-output>
  </reporter-output>
  <suite started-at="2023-08-01T20:08:37 IST" name="Default suite" finished-at="2023-08-01T20:08:37 IST" duration-ms="165">
    <groups>
    </groups>
    <test started-at="2023-08-01T20:08:37 IST" name="Default test" finished-at="2023-08-01T20:08:37 IST" duration-ms="165">
      <class name="vtiger.Practice.ReadDataFromCmdLinesTest">
        <test-method signature="read()[pri:0, instance:vtiger.Practice.ReadDataFromCmdLinesTest@20140db9]" started-at="2023-08-01T20:08:37 IST" name="read" finished-at="2023-08-01T20:08:37 IST" duration-ms="30" status="PASS">
          <reporter-output>
          </reporter-output>
        </test-method> <!-- read -->
      </class> <!-- vtiger.Practice.ReadDataFromCmdLinesTest -->
    </test> <!-- Default test -->
  </suite> <!-- Default suite -->
</testng-results>
